<?xml version="1.0" encoding="UTF-8"?>
<!-- Generated by org.testng.reporters.JUnitReportReporter -->
<testsuite skipped="0" hostname="LAPTOP-OQ9NE1BK" name="Runner.TestRunner" tests="1" failures="0" timestamp="2022-08-12T10:06:42 IST" time="12.180" errors="0">
  <testcase name="runScenario" time="12.180" classname="Runner.TestRunner"/>
  <system-out/>
</testsuite> <!-- Runner.TestRunner -->
